#
# A fatal error has been detected by the Java Runtime Environment:
#
#  EXCEPTION_UNCAUGHT_CXX_EXCEPTION (0xe06d7363) at pc=0x00007ffe099acb69, pid=22860, tid=17436
#
# JRE version: Java(TM) SE Runtime Environment (8.0_66-b18) (build 1.8.0_66-b18)
# Java VM: Java HotSpot(TM) 64-Bit Server VM (25.66-b18 mixed mode windows-amd64 compressed oops)
# Problematic frame:
# C  [KERNELBASE.dll+0x2cb69]
#
# Failed to write core dump. Minidumps are not enabled by default on client versions of Windows
#
# If you would like to submit a bug report, please visit:
#   http://bugreport.java.com/bugreport/crash.jsp
#

---------------  T H R E A D  ---------------

Current thread (0x00000000143a6800):  VMThread [stack: 0x0000000016b00000,0x0000000016c00000] [id=17436]

siginfo: ExceptionCode=0xe06d7363, ExceptionInformation=0x0000000019930520 0x0000000016bff318 0x00007ffde8622cb8 0x00007ffde8570000 

Registers:
RAX=0x0000000016bfeb50, RBX=0x00007ffde8622cb8, RCX=0x0000000000000000, RDX=0x0000000000150000
RSP=0x0000000016bff160, RBP=0x0000000016bff2a0, RSI=0x00000000ffffffff, RDI=0x0000000028d54540
R8 =0x0000000000000000, R9 =0x0000d7c100000000, R10=0x0000000000000000, R11=0x0000000100000000
R12=0x0000000000000001, R13=0x0000000000000008, R14=0x0000000000000000, R15=0xffffffffffffffff
RIP=0x00007ffe099acb69, EFLAGS=0x0000000000000202

Top of Stack: (sp=0x0000000016bff160)
0x0000000016bff160:   0000000000020007 00007ffde8622cb8
0x0000000016bff170:   00000000ffffffff 0000000000000000
0x0000000016bff180:   00000001e06d7363 0000000000000000
0x0000000016bff190:   00007ffe099acb69 0000000000000004
0x0000000016bff1a0:   0000000019930520 0000000016bff318
0x0000000016bff1b0:   00007ffde8622cb8 00007ffde8570000
0x0000000016bff1c0:   0000000000000008 0000000000000001
0x0000000016bff1d0:   00000000ffffffff 0000000016bff2a0
0x0000000016bff1e0:   0000000016bff2b0 00007ffe0bd04a5f
0x0000000016bff1f0:   0000000028d54540 00007ffe00000000
0x0000000016bff200:   0000d7c1cd3326ce 00000000000003ff
0x0000000016bff210:   00007ffde8639000 00007ffde8570000
0x0000000016bff220:   0000b166c8cabf99 00000000002a7240
0x0000000016bff230:   00007ffde8622cb8 00007ffde85ce92c
0x0000000016bff240:   ffffffff0000001f 0000000000000000
0x0000000016bff250:   0000000000000008 0000000000000001 

Instructions: (pc=0x00007ffe099acb69)
0x00007ffe099acb49:   8b d1 44 0f 47 c0 44 89 44 24 38 49 c1 e0 03 e8
0x00007ffe099acb59:   8a 38 07 00 48 8d 4c 24 20 48 ff 15 7f 1f 1a 00
0x00007ffe099acb69:   0f 1f 44 00 00 48 8b 8c 24 c0 00 00 00 48 33 cc
0x00007ffe099acb79:   e8 92 85 06 00 48 81 c4 d8 00 00 00 c3 cc 83 64 


Register to memory mapping:

RAX=0x0000000016bfeb50 is an unknown value
RBX=0x00007ffde8622cb8 is an unknown value
RCX=0x0000000000000000 is an unknown value
RDX=0x0000000000150000 is pointing into the stack for thread: 0x00000000027c2800
RSP=0x0000000016bff160 is an unknown value
RBP=0x0000000016bff2a0 is an unknown value
RSI=0x00000000ffffffff is an unallocated location in the heap
RDI=0x0000000028d54540 is an unknown value
R8 =0x0000000000000000 is an unknown value
R9 =0x0000d7c100000000 is an unknown value
R10=0x0000000000000000 is an unknown value
R11=0x0000000100000000 is pointing into metadata
R12=0x0000000000000001 is an unknown value
R13=0x0000000000000008 is an unknown value
R14=0x0000000000000000 is an unknown value
R15=0xffffffffffffffff is an unknown value


Stack: [0x0000000016b00000,0x0000000016c00000],  sp=0x0000000016bff160,  free space=1020k
Native frames: (J=compiled Java code, j=interpreted, Vv=VM code, C=native code)
C  [KERNELBASE.dll+0x2cb69]
C  [MSVCR110.dll+0x5e92c]
C  [MSVCR110.dll+0x1315c]
C  [MSVCR110.dll+0x136a9]
C  [MSVCR110.dll+0x13e9c]
C  [MSVCR110.dll+0x239e]
C  [MSVCR110.dll+0xaf9e]
C  [MSVCP110.dll+0x397b9]
C  [librdi_common.dll+0x182316]
C  [librdi_common.dll+0x180fab]
C  0x00007ffe044e2400
C  0x00007ffe044e2682
C  [ntdll.dll+0x19a1d]
C  [ntdll.dll+0x5dcec]
C  [ntdll.dll+0x5da7d]
C  [KERNEL32.DLL+0x1e80b]
C  [MSVCR100.dll+0x20ccd]
V  [jvm.dll+0x210cc5]
V  [jvm.dll+0x249897]
V  [jvm.dll+0x248b36]
V  [jvm.dll+0x248fd1]
V  [jvm.dll+0x2491ee]
V  [jvm.dll+0x29a0fa]
C  [MSVCR100.dll+0x21d9f]
C  [MSVCR100.dll+0x21e3b]
C  [KERNEL32.DLL+0x17604]
C  [ntdll.dll+0x526a1]

VM_Operation (0x000000000014f490): Exit, mode: safepoint, requested by thread 0x00000000027c2800


---------------  P R O C E S S  ---------------

Java Threads: ( => current thread )
  0x0000000021980000 JavaThread "Spawner Reaper" daemon [_thread_in_native, id=18828, stack(0x0000000028480000,0x0000000028580000)]
  0x000000002198e800 JavaThread "pool-2-thread-1" [_thread_blocked, id=23016, stack(0x000000002b3a0000,0x000000002b4a0000)]
  0x000000002198d000 JavaThread "Thread-39" daemon [_thread_blocked, id=13968, stack(0x000000002b1a0000,0x000000002b2a0000)]
  0x00000000204d2000 JavaThread "TCF Channel Transmitter" daemon [_thread_blocked, id=18716, stack(0x000000002f040000,0x000000002f140000)]
  0x00000000204cd000 JavaThread "TCF Channel Receiver" daemon [_thread_in_native, id=20516, stack(0x000000002e7d0000,0x000000002e8d0000)]
  0x00000000204d1800 JavaThread "Process monitor" daemon [_thread_in_native, id=15112, stack(0x000000002ee40000,0x000000002ef40000)]
  0x00000000204d0800 JavaThread "Input Stream Monitor" daemon [_thread_blocked, id=22848, stack(0x000000002ed40000,0x000000002ee40000)]
  0x00000000204c9000 JavaThread "Output Stream Monitor" daemon [_thread_in_native, id=18360, stack(0x000000002ec40000,0x000000002ed40000)]
  0x00000000204d0000 JavaThread "Output Stream Monitor" daemon [_thread_in_native, id=12120, stack(0x000000002eb40000,0x000000002ec40000)]
  0x0000000018ad8800 JavaThread "TCF Locator DNS Lookup" daemon [_thread_blocked, id=17556, stack(0x0000000026880000,0x0000000026980000)]
  0x0000000018adb800 JavaThread "TCF Locator Timer" daemon [_thread_blocked, id=6808, stack(0x00000000262a0000,0x00000000263a0000)]
  0x0000000018ad7800 JavaThread "TCF Locator Receiver" daemon [_thread_in_native, id=11648, stack(0x0000000025100000,0x0000000025200000)]
  0x0000000018add800 JavaThread "TCF Timer Dispatcher" daemon [_thread_blocked, id=5180, stack(0x0000000023e60000,0x0000000023f60000)]
  0x0000000019014000 JavaThread "EMF Reference Cleaner" daemon [_thread_blocked, id=22948, stack(0x000000001a610000,0x000000001a710000)]
  0x0000000015b5b800 JavaThread "Service Thread" daemon [_thread_blocked, id=9668, stack(0x0000000017500000,0x0000000017600000)]
  0x0000000015ac2000 JavaThread "C1 CompilerThread3" daemon [_thread_blocked, id=6376, stack(0x0000000017400000,0x0000000017500000)]
  0x0000000015ac1000 JavaThread "C2 CompilerThread2" daemon [_thread_blocked, id=19976, stack(0x0000000017300000,0x0000000017400000)]
  0x0000000015ab8800 JavaThread "C2 CompilerThread1" daemon [_thread_blocked, id=5204, stack(0x0000000017200000,0x0000000017300000)]
  0x0000000015ab3000 JavaThread "C2 CompilerThread0" daemon [_thread_blocked, id=15196, stack(0x0000000017100000,0x0000000017200000)]
  0x0000000015ab0800 JavaThread "Attach Listener" daemon [_thread_blocked, id=15380, stack(0x0000000017000000,0x0000000017100000)]
  0x0000000015aaf800 JavaThread "Signal Dispatcher" daemon [_thread_blocked, id=13656, stack(0x0000000016f00000,0x0000000017000000)]
  0x00000000143ad800 JavaThread "Finalizer" daemon [_thread_blocked, id=19796, stack(0x0000000016d00000,0x0000000016e00000)]
  0x00000000143ac000 JavaThread "Reference Handler" daemon [_thread_blocked, id=22356, stack(0x0000000016c00000,0x0000000016d00000)]
  0x00000000027c2800 JavaThread "main" [_thread_blocked, id=10420, stack(0x0000000000050000,0x0000000000150000)]

Other Threads:
=>0x00000000143a6800 VMThread [stack: 0x0000000016b00000,0x0000000016c00000] [id=17436]

VM state:at safepoint (shutting down)

VM Mutex/Monitor currently owned by a thread:  ([mutex/lock_event])
[0x000000000293e410] Threads_lock - owner thread: 0x00000000143a6800

Heap:
 PSYoungGen      total 108032K, used 43143K [0x00000000f5580000, 0x00000000fd400000, 0x0000000100000000)
  eden space 89600K, 48% used [0x00000000f5580000,0x00000000f7fa1fb0,0x00000000fad00000)
  from space 18432K, 0% used [0x00000000fad00000,0x00000000fad00000,0x00000000fbf00000)
  to   space 17408K, 0% used [0x00000000fc300000,0x00000000fc300000,0x00000000fd400000)
 ParOldGen       total 115200K, used 44474K [0x00000000e0000000, 0x00000000e7080000, 0x00000000f5580000)
  object space 115200K, 38% used [0x00000000e0000000,0x00000000e2b6ea10,0x00000000e7080000)
 Metaspace       used 85125K, capacity 92278K, committed 92416K, reserved 1128448K
  class space    used 10167K, capacity 12449K, committed 12544K, reserved 1048576K

Card table byte_map: [0x0000000011d00000,0x0000000011e10000] byte_map_base: 0x0000000011600000

Marking Bits: (ParMarkBitMap*) 0x0000000054e6a5b0
 Begin Bits: [0x00000000128c0000, 0x00000000130c0000)
 End Bits:   [0x00000000130c0000, 0x00000000138c0000)

Polling page: 0x00000000026f0000

CodeCache: size=245760Kb used=38301Kb max_used=38548Kb free=207458Kb
 bounds [0x0000000002940000, 0x0000000004f30000, 0x0000000011940000]
 total_blobs=11035 nmethods=10133 adapters=807
 compilation: enabled

Compilation events (10 events):
Event: 1007.105 Thread 0x0000000015ac2000 12614   !   3       org.eclipse.osgi.storage.BundleInfo$Generation::close (34 bytes)
Event: 1007.106 Thread 0x0000000015ac2000 nmethod 12614 0x0000000004ba5a10 code [0x0000000004ba5b80, 0x0000000004ba5fa8]
Event: 1007.114 Thread 0x0000000015ac2000 12616       3       org.eclipse.osgi.container.Module::holdsTransitionEventLock (25 bytes)
Event: 1007.114 Thread 0x0000000015ac2000 nmethod 12616 0x00000000034e58d0 code [0x00000000034e5a60, 0x00000000034e6188]
Event: 1007.115 Thread 0x0000000015ac2000 12617       3       org.eclipse.osgi.container.ModuleWiring::unload (6 bytes)
Event: 1007.115 Thread 0x0000000015ac2000 nmethod 12617 0x00000000036117d0 code [0x0000000003611940, 0x0000000003611ac8]
Event: 1007.115 Thread 0x0000000015ac2000 12618       3       org.eclipse.osgi.container.ModuleWiring::invalidate0 (52 bytes)
Event: 1007.116 Thread 0x0000000015ac2000 nmethod 12618 0x0000000002e734d0 code [0x0000000002e73680, 0x0000000002e74028]
Event: 1007.116 Thread 0x0000000015ac2000 12619       3       org.eclipse.osgi.internal.container.AtomicLazyInitializer::getAndClear (9 bytes)
Event: 1007.117 Thread 0x0000000015ac2000 nmethod 12619 0x0000000004ba5510 code [0x0000000004ba5680, 0x0000000004ba58d0]

GC Heap History (10 events):
Event: 751.931 GC heap before
{Heap before GC invocations=43 (full 14):
 PSYoungGen      total 108544K, used 28337K [0x00000000f5580000, 0x00000000fd200000, 0x0000000100000000)
  eden space 90624K, 31% used [0x00000000f5580000,0x00000000f712c6b8,0x00000000fae00000)
  from space 17920K, 0% used [0x00000000fc080000,0x00000000fc080000,0x00000000fd200000)
  to   space 18432K, 0% used [0x00000000fae00000,0x00000000fae00000,0x00000000fc000000)
 ParOldGen       total 115200K, used 39539K [0x00000000e0000000, 0x00000000e7080000, 0x00000000f5580000)
  object space 115200K, 34% used [0x00000000e0000000,0x00000000e269cee0,0x00000000e7080000)
 Metaspace       used 80239K, capacity 86614K, committed 87040K, reserved 1124352K
  class space    used 9515K, capacity 11426K, committed 11520K, reserved 1048576K
Event: 751.938 GC heap after
Heap after GC invocations=43 (full 14):
 PSYoungGen      total 91648K, used 1017K [0x00000000f5580000, 0x00000000fd000000, 0x0000000100000000)
  eden space 90624K, 0% used [0x00000000f5580000,0x00000000f5580000,0x00000000fae00000)
  from space 1024K, 99% used [0x00000000fae00000,0x00000000faefe600,0x00000000faf00000)
  to   space 17408K, 0% used [0x00000000fbf00000,0x00000000fbf00000,0x00000000fd000000)
 ParOldGen       total 115200K, used 39547K [0x00000000e0000000, 0x00000000e7080000, 0x00000000f5580000)
  object space 115200K, 34% used [0x00000000e0000000,0x00000000e269eee0,0x00000000e7080000)
 Metaspace       used 80239K, capacity 86614K, committed 87040K, reserved 1124352K
  class space    used 9515K, capacity 11426K, committed 11520K, reserved 1048576K
}
Event: 751.938 GC heap before
{Heap before GC invocations=44 (full 15):
 PSYoungGen      total 91648K, used 1017K [0x00000000f5580000, 0x00000000fd000000, 0x0000000100000000)
  eden space 90624K, 0% used [0x00000000f5580000,0x00000000f5580000,0x00000000fae00000)
  from space 1024K, 99% used [0x00000000fae00000,0x00000000faefe600,0x00000000faf00000)
  to   space 17408K, 0% used [0x00000000fbf00000,0x00000000fbf00000,0x00000000fd000000)
 ParOldGen       total 115200K, used 39547K [0x00000000e0000000, 0x00000000e7080000, 0x00000000f5580000)
  object space 115200K, 34% used [0x00000000e0000000,0x00000000e269eee0,0x00000000e7080000)
 Metaspace       used 80239K, capacity 86614K, committed 87040K, reserved 1124352K
  class space    used 9515K, capacity 11426K, committed 11520K, reserved 1048576K
Event: 752.257 GC heap after
Heap after GC invocations=44 (full 15):
 PSYoungGen      total 91648K, used 0K [0x00000000f5580000, 0x00000000fd000000, 0x0000000100000000)
  eden space 90624K, 0% used [0x00000000f5580000,0x00000000f5580000,0x00000000fae00000)
  from space 1024K, 0% used [0x00000000fae00000,0x00000000fae00000,0x00000000faf00000)
  to   space 17408K, 0% used [0x00000000fbf00000,0x00000000fbf00000,0x00000000fd000000)
 ParOldGen       total 115200K, used 40131K [0x00000000e0000000, 0x00000000e7080000, 0x00000000f5580000)
  object space 115200K, 34% used [0x00000000e0000000,0x00000000e2730c18,0x00000000e7080000)
 Metaspace       used 80239K, capacity 86614K, committed 87040K, reserved 1124352K
  class space    used 9515K, capacity 11426K, committed 11520K, reserved 1048576K
}
Event: 902.818 GC heap before
{Heap before GC invocations=45 (full 15):
 PSYoungGen      total 91648K, used 90624K [0x00000000f5580000, 0x00000000fd000000, 0x0000000100000000)
  eden space 90624K, 100% used [0x00000000f5580000,0x00000000fae00000,0x00000000fae00000)
  from space 1024K, 0% used [0x00000000fae00000,0x00000000fae00000,0x00000000faf00000)
  to   space 17408K, 0% used [0x00000000fbf00000,0x00000000fbf00000,0x00000000fd000000)
 ParOldGen       total 115200K, used 40131K [0x00000000e0000000, 0x00000000e7080000, 0x00000000f5580000)
  object space 115200K, 34% used [0x00000000e0000000,0x00000000e2730c18,0x00000000e7080000)
 Metaspace       used 84392K, capacity 91700K, committed 92032K, reserved 1128448K
  class space    used 10093K, capacity 12283K, committed 12416K, reserved 1048576K
Event: 902.833 GC heap after
Heap after GC invocations=45 (full 15):
 PSYoungGen      total 107008K, used 10110K [0x00000000f5580000, 0x00000000fd600000, 0x0000000100000000)
  eden space 89600K, 0% used [0x00000000f5580000,0x00000000f5580000,0x00000000fad00000)
  from space 17408K, 58% used [0x00000000fbf00000,0x00000000fc8dfa18,0x00000000fd000000)
  to   space 18432K, 0% used [0x00000000fad00000,0x00000000fad00000,0x00000000fbf00000)
 ParOldGen       total 115200K, used 40139K [0x00000000e0000000, 0x00000000e7080000, 0x00000000f5580000)
  object space 115200K, 34% used [0x00000000e0000000,0x00000000e2732c18,0x00000000e7080000)
 Metaspace       used 84392K, capacity 91700K, committed 92032K, reserved 1128448K
  class space    used 10093K, capacity 12283K, committed 12416K, reserved 1048576K
}
Event: 937.008 GC heap before
{Heap before GC invocations=46 (full 15):
 PSYoungGen      total 107008K, used 14989K [0x00000000f5580000, 0x00000000fd600000, 0x0000000100000000)
  eden space 89600K, 5% used [0x00000000f5580000,0x00000000f5a43a40,0x00000000fad00000)
  from space 17408K, 58% used [0x00000000fbf00000,0x00000000fc8dfa18,0x00000000fd000000)
  to   space 18432K, 0% used [0x00000000fad00000,0x00000000fad00000,0x00000000fbf00000)
 ParOldGen       total 115200K, used 40139K [0x00000000e0000000, 0x00000000e7080000, 0x00000000f5580000)
  object space 115200K, 34% used [0x00000000e0000000,0x00000000e2732c18,0x00000000e7080000)
 Metaspace       used 84429K, capacity 91734K, committed 92032K, reserved 1128448K
  class space    used 10098K, capacity 12317K, committed 12416K, reserved 1048576K
Event: 937.018 GC heap after
Heap after GC invocations=46 (full 15):
 PSYoungGen      total 108032K, used 5351K [0x00000000f5580000, 0x00000000fd400000, 0x0000000100000000)
  eden space 89600K, 0% used [0x00000000f5580000,0x00000000f5580000,0x00000000fad00000)
  from space 18432K, 29% used [0x00000000fad00000,0x00000000fb239d30,0x00000000fbf00000)
  to   space 17408K, 0% used [0x00000000fc300000,0x00000000fc300000,0x00000000fd400000)
 ParOldGen       total 115200K, used 40147K [0x00000000e0000000, 0x00000000e7080000, 0x00000000f5580000)
  object space 115200K, 34% used [0x00000000e0000000,0x00000000e2734c18,0x00000000e7080000)
 Metaspace       used 84429K, capacity 91734K, committed 92032K, reserved 1128448K
  class space    used 10098K, capacity 12317K, committed 12416K, reserved 1048576K
}
Event: 937.018 GC heap before
{Heap before GC invocations=47 (full 16):
 PSYoungGen      total 108032K, used 5351K [0x00000000f5580000, 0x00000000fd400000, 0x0000000100000000)
  eden space 89600K, 0% used [0x00000000f5580000,0x00000000f5580000,0x00000000fad00000)
  from space 18432K, 29% used [0x00000000fad00000,0x00000000fb239d30,0x00000000fbf00000)
  to   space 17408K, 0% used [0x00000000fc300000,0x00000000fc300000,0x00000000fd400000)
 ParOldGen       total 115200K, used 40147K [0x00000000e0000000, 0x00000000e7080000, 0x00000000f5580000)
  object space 115200K, 34% used [0x00000000e0000000,0x00000000e2734c18,0x00000000e7080000)
 Metaspace       used 84429K, capacity 91734K, committed 92032K, reserved 1128448K
  class space    used 10098K, capacity 12317K, committed 12416K, reserved 1048576K
Event: 937.854 GC heap after
Heap after GC invocations=47 (full 16):
 PSYoungGen      total 108032K, used 0K [0x00000000f5580000, 0x00000000fd400000, 0x0000000100000000)
  eden space 89600K, 0% used [0x00000000f5580000,0x00000000f5580000,0x00000000fad00000)
  from space 18432K, 0% used [0x00000000fad00000,0x00000000fad00000,0x00000000fbf00000)
  to   space 17408K, 0% used [0x00000000fc300000,0x00000000fc300000,0x00000000fd400000)
 ParOldGen       total 115200K, used 44474K [0x00000000e0000000, 0x00000000e7080000, 0x00000000f5580000)
  object space 115200K, 38% used [0x00000000e0000000,0x00000000e2b6ea10,0x00000000e7080000)
 Metaspace       used 84429K, capacity 91734K, committed 92032K, reserved 1128448K
  class space    used 10098K, capacity 12317K, committed 12416K, reserved 1048576K
}

Deoptimization events (10 events):
Event: 1006.236 Thread 0x000000002198f000 Uncommon trap: reason=class_check action=maybe_recompile pc=0x0000000004f1d658 method=org.eclipse.e4.core.internal.contexts.TrackableComputationExt.update(Lorg/eclipse/e4/core/internal/contexts/ContextChangeEvent;)Z @ 62
Event: 1006.236 Thread 0x000000002198f000 Uncommon trap: reason=class_check action=maybe_recompile pc=0x0000000004f0dd30 method=org.eclipse.e4.core.internal.contexts.ContextObjectSupplier$ContextInjectionListener.update(Lorg/eclipse/e4/core/contexts/IEclipseContext;I[Ljava/lang/Object;)Z @ 173
Event: 1006.236 Thread 0x000000002198f000 Uncommon trap: reason=class_check action=maybe_recompile pc=0x0000000004f1d658 method=org.eclipse.e4.core.internal.contexts.TrackableComputationExt.update(Lorg/eclipse/e4/core/internal/contexts/ContextChangeEvent;)Z @ 62
Event: 1006.236 Thread 0x000000002198f000 Uncommon trap: reason=class_check action=maybe_recompile pc=0x0000000004f0dd30 method=org.eclipse.e4.core.internal.contexts.ContextObjectSupplier$ContextInjectionListener.update(Lorg/eclipse/e4/core/contexts/IEclipseContext;I[Ljava/lang/Object;)Z @ 173
Event: 1006.266 Thread 0x000000002198b800 Uncommon trap: reason=unstable_if action=reinterpret pc=0x0000000002abbba4 method=sun.nio.cs.SingleByte$Encoder.encode(C)I @ 13
Event: 1006.281 Thread 0x000000002198f000 Uncommon trap: reason=predicate action=maybe_recompile pc=0x00000000047a8610 method=java.util.concurrent.CopyOnWriteArrayList.indexOf(Ljava/lang/Object;[Ljava/lang/Object;II)I @ 41
Event: 1006.312 Thread 0x00000000179a0000 Uncommon trap: reason=predicate action=maybe_recompile pc=0x0000000003344f9c method=java.util.Arrays.fill([Ljava/lang/Object;Ljava/lang/Object;)V @ 10
Event: 1006.936 Thread 0x000000002198f000 Uncommon trap: reason=unstable_if action=reinterpret pc=0x000000000383b308 method=org.eclipse.osgi.internal.hooks.EclipseLazyStarter.shouldActivateFor(Ljava/lang/String;Lorg/eclipse/osgi/container/Module;Lorg/eclipse/osgi/container/ModuleRevision;Lorg/ecliâÊ¶rﬂwè@
Event: 1006.984 Thread 0x00000000179a0000 Uncommon trap: reason=unstable_if action=reinterpret pc=0x0000000003656084 method=org.eclipse.osgi.internal.framework.BundleContextImpl.dispatchEvent(Ljava/lang/Object;Ljava/lang/Object;ILjava/lang/Object;)V @ 16
Event: 1007.079 Thread 0x000000002198f000 Uncommon trap: reason=unstable_if action=reinterpret pc=0x0000000003b62d1c method=sun.reflect.UnsafeStaticObjectFieldAccessorImpl.set(Ljava/lang/Object;Ljava/lang/Object;)V @ 13

Internal exceptions (10 events):
Event: 1006.197 Thread 0x00000000027c2800 Exception <a 'java/io/FileNotFoundException'> (0x00000000f75005a8) thrown at [C:\re\workspace\8-2-build-windows-amd64-cygwin\jdk8u66\5298\hotspot\src\share\vm\prims\jni.cpp, line 709]
Event: 1006.197 Thread 0x00000000027c2800 Exception <a 'java/io/FileNotFoundException'> (0x00000000f7503678) thrown at [C:\re\workspace\8-2-build-windows-amd64-cygwin\jdk8u66\5298\hotspot\src\share\vm\prims\jni.cpp, line 709]
Event: 1006.198 Thread 0x00000000027c2800 Exception <a 'java/io/FileNotFoundException'> (0x00000000f7505728) thrown at [C:\re\workspace\8-2-build-windows-amd64-cygwin\jdk8u66\5298\hotspot\src\share\vm\prims\jni.cpp, line 709]
Event: 1006.198 Thread 0x00000000027c2800 Exception <a 'java/io/FileNotFoundException'> (0x00000000f7507910) thrown at [C:\re\workspace\8-2-build-windows-amd64-cygwin\jdk8u66\5298\hotspot\src\share\vm\prims\jni.cpp, line 709]
Event: 1006.265 Thread 0x000000002198a000 Exception <a 'java/lang/InterruptedException'> (0x00000000f799f720) thrown at [C:\re\workspace\8-2-build-windows-amd64-cygwin\jdk8u66\5298\hotspot\src\share\vm\runtime\objectMonitor.cpp, line 1683]
Event: 1007.039 Thread 0x0000000018ad9000 Exception <a 'java/lang/InterruptedException'> (0x00000000f58ee0a8) thrown at [C:\re\workspace\8-2-build-windows-amd64-cygwin\jdk8u66\5298\hotspot\src\share\vm\runtime\objectMonitor.cpp, line 1683]
Event: 1007.079 Thread 0x000000002198f000 Implicit null exception at 0x0000000003b62913 to 0x0000000003b62d09
Event: 1007.080 Thread 0x00000000179a0000 Exception <a 'java/lang/InterruptedException'> (0x00000000f7d37350) thrown at [C:\re\workspace\8-2-build-windows-amd64-cygwin\jdk8u66\5298\hotspot\src\share\vm\runtime\objectMonitor.cpp, line 1683]
Event: 1007.113 Thread 0x0000000018ad7000 Exception <a 'java/lang/InterruptedException'> (0x00000000f6fe0850) thrown at [C:\re\workspace\8-2-build-windows-amd64-cygwin\jdk8u66\5298\hotspot\src\share\vm\runtime\objectMonitor.cpp, line 1683]
Event: 1007.113 Thread 0x00000000189e9800 Exception <a 'java/lang/InterruptedException'> (0x00000000f7f2d6c0) thrown at [C:\re\workspace\8-2-build-windows-amd64-cygwin\jdk8u66\5298\hotspot\src\share\vm\runtime\objectMonitor.cpp, line 1683]

Events (10 events):
Event: 1007.115 loading class java/util/IdentityHashMap$KeyIterator done
Event: 1007.116 Thread 0x0000000021988800 Thread added: 0x0000000021988800
Event: 1007.116 Thread 0x0000000021988800 Thread exited: 0x0000000021988800
Event: 1007.116 Thread 0x0000000015ac2000 flushing nmethod 0x00000000032ebad0
Event: 1007.116 Thread 0x0000000015ac2000 flushing nmethod 0x000000000338d010
Event: 1007.116 Thread 0x0000000015ac2000 flushing nmethod 0x000000000338dbd0
Event: 1007.116 Thread 0x0000000015ac2000 flushing nmethod 0x00000000033951d0
Event: 1007.117 Thread 0x0000000015ac2000 flushing nmethod 0x00000000034e7790
Event: 1007.117 Thread 0x0000000015ac2000 flushing nmethod 0x00000000034fa050
Event: 1007.117 Executing VM operation: Exit


Dynamic libraries:
0x0000000000400000 - 0x000000000044f000 	C:\Xilinx\SDK\2016.2\eclipse\win64.o\eclipse.exe
0x00007ffe0bcd0000 - 0x00007ffe0bec8000 	C:\WINDOWS\SYSTEM32\ntdll.dll
0x00007ffe0b070000 - 0x00007ffe0b12f000 	C:\WINDOWS\System32\KERNEL32.DLL
0x00007ffe09980000 - 0x00007ffe09c5a000 	C:\WINDOWS\System32\KERNELBASE.dll
0x00007ffe0a510000 - 0x00007ffe0a6ad000 	C:\WINDOWS\System32\USER32.dll
0x00007ffe09c60000 - 0x00007ffe09c82000 	C:\WINDOWS\System32\win32u.dll
0x00007ffe0b460000 - 0x00007ffe0b48b000 	C:\WINDOWS\System32\GDI32.dll
0x00007ffe09870000 - 0x00007ffe09980000 	C:\WINDOWS\System32\gdi32full.dll
0x00007ffe09640000 - 0x00007ffe096dd000 	C:\WINDOWS\System32\msvcp_win.dll
0x00007ffe093e0000 - 0x00007ffe094e0000 	C:\WINDOWS\System32\ucrtbase.dll
0x00007ffe0b220000 - 0x00007ffe0b2be000 	C:\WINDOWS\System32\msvcrt.dll
0x00007ffdf1140000 - 0x00007ffdf13da000 	C:\WINDOWS\WinSxS\amd64_microsoft.windows.common-controls_6595b64144ccf1df_6.0.19041.1110_none_60b5254171f9507e\COMCTL32.dll
0x00007ffe0b190000 - 0x00007ffe0b1c0000 	C:\WINDOWS\System32\IMM32.DLL
0x0000000072000000 - 0x0000000072012000 	C:\Xilinx\SDK\2016.2\eclipse\win64.o\plugins\org.eclipse.equinox.launcher.win32.win32.x86_64_1.1.300.v20150602-1417\eclipse_1611.dll
0x00007ffe0b2c0000 - 0x00007ffe0b36e000 	C:\WINDOWS\System32\ADVAPI32.dll
0x00007ffe0afd0000 - 0x00007ffe0b06c000 	C:\WINDOWS\System32\sechost.dll
0x00007ffe0aa20000 - 0x00007ffe0ab46000 	C:\WINDOWS\System32\RPCRT4.dll
0x00007ffdfc8a0000 - 0x00007ffdfc8aa000 	C:\WINDOWS\SYSTEM32\VERSION.dll
0x00007ffe06bc0000 - 0x00007ffe06c5e000 	C:\WINDOWS\system32\uxtheme.dll
0x00007ffe0a1a0000 - 0x00007ffe0a4f4000 	C:\WINDOWS\System32\combase.dll
0x00007ffe0ac20000 - 0x00007ffe0ad34000 	C:\WINDOWS\System32\MSCTF.dll
0x00007ffe0af00000 - 0x00007ffe0afcd000 	C:\WINDOWS\System32\OLEAUT32.dll
0x0000000054660000 - 0x0000000054ee9000 	C:\Xilinx\SDK\2016.2\tps\win64\jre\bin\server\jvm.dll
0x00007ffe0b450000 - 0x00007ffe0b458000 	C:\WINDOWS\System32\PSAPI.DLL
0x00007ffde7da0000 - 0x00007ffde7da9000 	C:\WINDOWS\SYSTEM32\WSOCK32.dll
0x00007ffded8c0000 - 0x00007ffded8e7000 	C:\WINDOWS\SYSTEM32\WINMM.dll
0x0000000056b80000 - 0x0000000056c52000 	C:\WINDOWS\SYSTEM32\MSVCR100.dll
0x00007ffe0ad40000 - 0x00007ffe0adab000 	C:\WINDOWS\System32\WS2_32.dll
0x0000000054520000 - 0x000000005452f000 	C:\Xilinx\SDK\2016.2\tps\win64\jre\bin\verify.dll
0x00000000544f0000 - 0x0000000054519000 	C:\Xilinx\SDK\2016.2\tps\win64\jre\bin\java.dll
0x00000000544d0000 - 0x00000000544e6000 	C:\Xilinx\SDK\2016.2\tps\win64\jre\bin\zip.dll
0x00007ffe0b490000 - 0x00007ffe0bbd4000 	C:\WINDOWS\System32\SHELL32.dll
0x00007ffe07310000 - 0x00007ffe07aa3000 	C:\WINDOWS\SYSTEM32\windows.storage.dll
0x00007ffe08e40000 - 0x00007ffe08e6e000 	C:\WINDOWS\SYSTEM32\Wldp.dll
0x00007ffe0adb0000 - 0x00007ffe0ae5d000 	C:\WINDOWS\System32\SHCORE.dll
0x00007ffe0b130000 - 0x00007ffe0b185000 	C:\WINDOWS\System32\shlwapi.dll
0x00007ffe09320000 - 0x00007ffe0933f000 	C:\WINDOWS\SYSTEM32\profapi.dll
0x00007ffe08d90000 - 0x00007ffe08da8000 	C:\WINDOWS\SYSTEM32\CRYPTSP.dll
0x00007ffe08340000 - 0x00007ffe08374000 	C:\WINDOWS\system32\rsaenh.dll
0x00007ffe09c90000 - 0x00007ffe09cb7000 	C:\WINDOWS\System32\bcrypt.dll
0x00007ffe092a0000 - 0x00007ffe092ce000 	C:\WINDOWS\SYSTEM32\USERENV.dll
0x00007ffe09790000 - 0x00007ffe09812000 	C:\WINDOWS\System32\bcryptprimitives.dll
0x00007ffe08db0000 - 0x00007ffe08dbc000 	C:\WINDOWS\SYSTEM32\CRYPTBASE.dll
0x00000000544b0000 - 0x00000000544ca000 	C:\Xilinx\SDK\2016.2\tps\win64\jre\bin\net.dll
0x00007ffe08ba0000 - 0x00007ffe08c0a000 	C:\WINDOWS\system32\mswsock.dll
0x00007ffe08840000 - 0x00007ffe0887c000 	C:\WINDOWS\SYSTEM32\IPHLPAPI.DLL
0x00007ffe0ac10000 - 0x00007ffe0ac18000 	C:\WINDOWS\System32\NSI.dll
0x00007ffdfcc10000 - 0x00007ffdfcc27000 	C:\WINDOWS\SYSTEM32\dhcpcsvc6.DLL
0x00007ffdfcbd0000 - 0x00007ffdfcbed000 	C:\WINDOWS\SYSTEM32\dhcpcsvc.DLL
0x00007ffe08880000 - 0x00007ffe0894b000 	C:\WINDOWS\SYSTEM32\DNSAPI.dll
0x0000000054490000 - 0x00000000544a1000 	C:\Xilinx\SDK\2016.2\tps\win64\jre\bin\nio.dll
0x00007ffe07110000 - 0x00007ffe07122000 	C:\WINDOWS\SYSTEM32\kernel.appcore.dll
0x00007ffdf9710000 - 0x00007ffdf9809000 	C:\WINDOWS\SYSTEM32\textinputframework.dll
0x00007ffe06150000 - 0x00007ffe064ae000 	C:\WINDOWS\System32\CoreUIComponents.dll
0x00007ffe06830000 - 0x00007ffe06922000 	C:\WINDOWS\System32\CoreMessaging.dll
0x00007ffe08570000 - 0x00007ffe085a3000 	C:\WINDOWS\SYSTEM32\ntmarta.dll
0x00007ffe05170000 - 0x00007ffe052c4000 	C:\WINDOWS\SYSTEM32\wintypes.dll
0x00007ffde8af0000 - 0x00007ffde8b07000 	C:\WINDOWS\system32\napinsp.dll
0x00007ffde8ad0000 - 0x00007ffde8aeb000 	C:\WINDOWS\system32\pnrpnsp.dll
0x00007ffdfe8b0000 - 0x00007ffdfe8c5000 	C:\WINDOWS\system32\wshbth.dll
0x00007ffe04c20000 - 0x00007ffe04c3d000 	C:\WINDOWS\system32\NLAapi.dll
0x00007ffde8ab0000 - 0x00007ffde8ac2000 	C:\WINDOWS\System32\winrnr.dll
0x00007ffdfa990000 - 0x00007ffdfa99a000 	C:\Windows\System32\rasadhlp.dll
0x00007ffdfa680000 - 0x00007ffdfa700000 	C:\WINDOWS\System32\fwpuclnt.dll
0x000000001a310000 - 0x000000001a3b8000 	C:\Users\mitterj\.Xilinx\SDK\2016.2\org.eclipse.osgi\312\0\.cp\swt-win32-4527.dll
0x00007ffe0a6b0000 - 0x00007ffe0a7da000 	C:\WINDOWS\System32\ole32.dll
0x00007ffe0b370000 - 0x00007ffe0b44a000 	C:\WINDOWS\System32\comdlg32.dll
0x00007ffe094e0000 - 0x00007ffe09636000 	C:\WINDOWS\System32\CRYPT32.dll
0x00007ffd93ab0000 - 0x00007ffd93ac9000 	C:\WINDOWS\SYSTEM32\USP10.dll
0x00007ffde7810000 - 0x00007ffde7ce9000 	C:\WINDOWS\SYSTEM32\WININET.dll
0x00007ffdee6f0000 - 0x00007ffdee788000 	C:\WINDOWS\SYSTEM32\WINSPOOL.DRV
0x00007ffe03e40000 - 0x00007ffe03f36000 	C:\WINDOWS\SYSTEM32\propsys.dll
0x00007ffe0bbe0000 - 0x00007ffe0bc89000 	C:\WINDOWS\System32\clbcatq.dll
0x00007ffe09820000 - 0x00007ffe0986e000 	C:\WINDOWS\System32\cfgmgr32.dll
0x00007ffe08820000 - 0x00007ffe08832000 	C:\Windows\System32\UMPDC.dll
0x00007ffe084e0000 - 0x00007ffe0856a000 	C:\Windows\System32\msvcp110_win.dll
0x000000001a3d0000 - 0x000000001a3ee000 	C:\Users\mitterj\.Xilinx\SDK\2016.2\org.eclipse.osgi\312\0\.cp\swt-gdip-win32-4527.dll
0x00007ffdebff0000 - 0x00007ffdec195000 	C:\WINDOWS\WinSxS\amd64_microsoft.windows.gdiplus_6595b64144ccf1df_1.1.19041.2251_none_91a40448cc8846c1\gdiplus.dll
0x00007ffdfd250000 - 0x00007ffdfd404000 	C:\WINDOWS\SYSTEM32\WindowsCodecs.dll
0x00007ffdf1ca0000 - 0x00007ffdf1d4c000 	C:\WINDOWS\SYSTEM32\TextShaping.dll
0x00007ffdee790000 - 0x00007ffdee7f6000 	C:\WINDOWS\SYSTEM32\oleacc.dll
0x00007ffdfe340000 - 0x00007ffdfe382000 	C:\WINDOWS\system32\mlang.dll
0x00007ffdea990000 - 0x00007ffdea9ce000 	C:\WINDOWS\system32\dataexchange.dll
0x00007ffe052d0000 - 0x00007ffe05533000 	C:\WINDOWS\system32\d3d11.dll
0x00007ffe05f60000 - 0x00007ffe06143000 	C:\WINDOWS\system32\dcomp.dll
0x00007ffe07ae0000 - 0x00007ffe07bd3000 	C:\WINDOWS\system32\dxgi.dll
0x00007ffdfd500000 - 0x00007ffdfd700000 	C:\WINDOWS\system32\twinapi.appcore.dll
0x00007ffdb9580000 - 0x00007ffdb9ce7000 	C:\Windows\System32\ieframe.dll
0x00007ffdf6ac0000 - 0x00007ffdf6d71000 	C:\Windows\System32\iertutil.dll
0x00007ffdfcbf0000 - 0x00007ffdfcc09000 	C:\Windows\System32\NETAPI32.dll
0x00007ffe083d0000 - 0x00007ffe084da000 	C:\Windows\System32\WINHTTP.dll
0x00007ffe089a0000 - 0x00007ffe089ac000 	C:\Windows\System32\NETUTILS.DLL
0x00007ffe085b0000 - 0x00007ffe085c9000 	C:\Windows\System32\WKSCLI.DLL
0x00007ffe0ae80000 - 0x00007ffe0aef9000 	C:\WINDOWS\System32\coml2.dll
0x00007ffdfb1d0000 - 0x00007ffdfb3bc000 	C:\WINDOWS\SYSTEM32\urlmon.dll
0x00007ffe08000000 - 0x00007ffe08028000 	C:\WINDOWS\SYSTEM32\srvcli.dll
0x00007ffe091f0000 - 0x00007ffe09292000 	C:\WINDOWS\SYSTEM32\sxs.dll
0x00007ffdf0830000 - 0x00007ffdf0888000 	C:\WINDOWS\SYSTEM32\msIso.dll
0x00007ffd25970000 - 0x00007ffd26fe5000 	C:\Windows\System32\mshtml.dll
0x00007ffe092d0000 - 0x00007ffe09302000 	C:\Windows\System32\SspiCli.dll
0x00007ffe089b0000 - 0x00007ffe089fb000 	C:\WINDOWS\SYSTEM32\powrprof.dll
0x00007ffdda170000 - 0x00007ffdda19c000 	C:\Windows\System32\srpapi.dll
0x00007ffd328d0000 - 0x00007ffd32d82000 	C:\Windows\System32\jscript9.dll
0x00007ffdd3b00000 - 0x00007ffdd3b12000 	C:\WINDOWS\system32\msimtf.dll
0x00007ffdf0470000 - 0x00007ffdf047c000 	C:\WINDOWS\SYSTEM32\Secur32.dll
0x00007ffde88d0000 - 0x00007ffde88e3000 	C:\WINDOWS\SYSTEM32\virtdisk.dll
0x00007ffde90a0000 - 0x00007ffde90ab000 	C:\WINDOWS\SYSTEM32\FLTLIB.DLL
0x00007ffe059a0000 - 0x00007ffe05f60000 	C:\Windows\System32\d2d1.dll
0x00007ffdf2df0000 - 0x00007ffdf306f000 	C:\Windows\System32\DWrite.dll
0x00007ffdf9ad0000 - 0x00007ffdf9b0b000 	C:\WINDOWS\SYSTEM32\dxcore.dll
0x00007ffe04d40000 - 0x00007ffe04d51000 	C:\Users\mitterj\.Xilinx\SDK\2016.2\org.eclipse.osgi\129\0\.cp\jWinHttp-1.0.0.dll
0x000000002dcb0000 - 0x000000002dcc2000 	C:\Users\mitterj\.Xilinx\SDK\2016.2\org.eclipse.osgi\126\0\.cp\os\win32\x86_64\localfile_1_0_0.dll
0x00007ffe050f0000 - 0x00007ffe050ff000 	C:\Xilinx\SDK\2016.2\lib\win64.o\librdi_repo_manager.dll
0x00007ffdf2240000 - 0x00007ffdf2294000 	C:\Xilinx\SDK\2016.2\lib\win64.o\librdi_commonxillic.dll
0x00007ffdfdaa0000 - 0x00007ffdfdaca000 	C:\Xilinx\SDK\2016.2\lib\win64.o\libisl_sysinfo.dll
0x00007ffde8570000 - 0x00007ffde8644000 	C:\WINDOWS\SYSTEM32\MSVCR110.dll
0x00007ffde7f60000 - 0x00007ffde8007000 	C:\WINDOWS\SYSTEM32\MSVCP110.dll
0x00007ffd24f30000 - 0x00007ffd25970000 	C:\Xilinx\SDK\2016.2\lib\win64.o\librdi_common.dll
0x00007ffd59480000 - 0x00007ffd59672000 	C:\Xilinx\SDK\2016.2\lib\win64.o\librdi_hsm.dll
0x00007ffd24d10000 - 0x00007ffd24f2f000 	C:\Xilinx\SDK\2016.2\lib\win64.o\libXil_lmgr11.dll
0x00007ffe09cc0000 - 0x00007ffe09d27000 	C:\WINDOWS\System32\WINTRUST.dll
0x00007ffdf7500000 - 0x00007ffdf7524000 	C:\Xilinx\SDK\2016.2\lib\win64.o\libboost_filesystem.dll
0x00007ffdca4a0000 - 0x00007ffdca5a6000 	C:\Xilinx\SDK\2016.2\lib\win64.o\libboost_regex.dll
0x00007ffe04ef0000 - 0x00007ffe04ef9000 	C:\Xilinx\SDK\2016.2\lib\win64.o\libboost_system.dll
0x00007ffd249a0000 - 0x00007ffd24d0e000 	C:\Xilinx\SDK\2016.2\lib\win64.o\libCOIN-all.dll
0x00007ffe04db0000 - 0x00007ffe04dc0000 	C:\Xilinx\SDK\2016.2\lib\win64.o\libboost_date_time.dll
0x00007ffddba70000 - 0x00007ffddbae7000 	C:\Xilinx\SDK\2016.2\lib\win64.o\libboost_program_options.dll
0x00007ffe04800000 - 0x00007ffe04813000 	C:\Xilinx\SDK\2016.2\lib\win64.o\libboost_signals.dll

VM Arguments:
jvm_args: -Dcom.xilinx.sdk.args.hwspec=C:/Users/mitterj/Downloads/Zybo-hdmi-out-2016.4-3/Zybo-hdmi-out/proj/hdmi-out.sdk/hdmi_out_wrapper.hdf -Xms64m -Xmx512m & 
java_command: <unknown>
java_class_path (initial): C:\Xilinx\SDK\2016.2\eclipse\win64.o\\plugins/org.eclipse.equinox.launcher_1.3.100.v20150511-1540.jar
Launcher Type: generic

Environment Variables:
USERNAME=mitterj
OS=Windows_NT
PROCESSOR_IDENTIFIER=Intel64 Family 6 Model 158 Stepping 10, GenuineIntel



---------------  S Y S T E M  ---------------

OS: Windows 10.0 , 64 bit Build 19041 (10.0.19041.2788)

CPU:total 12 (6 cores per cpu, 2 threads per core) family 6 model 158 stepping 10, cmov, cx8, fxsr, mmx, sse, sse2, sse3, ssse3, sse4.1, sse4.2, popcnt, avx, avx2, aes, clmul, erms, 3dnowpref, lzcnt, ht, tsc, tscinvbit, bmi1, bmi2, adx

Memory: 4k page, physical 16302740k(6008952k free), swap 20497044k(5122180k free)

vm_info: Java HotSpot(TM) 64-Bit Server VM (25.66-b18) for windows-amd64 JRE (1.8.0_66-b18), built on Nov  9 2015 10:51:13 by "java_re" with MS VC++ 10.0 (VS2010)

time: Fri May 12 16:00:37 2023
elapsed time: 1008 seconds (0d 0h 16m 48s)

